[0m23:15:46.895755 [debug] [MainThread]: Sending event: {'category': 'dbt', 'action': 'invocation', 'label': 'start', 'context': [<snowplow_tracker.self_describing_json.SelfDescribingJson object at 0x7f7e52ffc1f0>, <snowplow_tracker.self_describing_json.SelfDescribingJson object at 0x7f7e54f0bb50>, <snowplow_tracker.self_describing_json.SelfDescribingJson object at 0x7f7e54f426d0>]}


============================== 23:15:46.902750 | c4bb7c3f-f8fc-4dc8-b05e-5262cff94140 ==============================
[0m23:15:46.902750 [info ] [MainThread]: Running with dbt=1.8.7
[0m23:15:46.903576 [debug] [MainThread]: running dbt with arguments {'printer_width': '80', 'indirect_selection': 'eager', 'write_json': 'True', 'log_cache_events': 'False', 'partial_parse': 'True', 'cache_selected_only': 'False', 'profiles_dir': '/Users/jared/.dbt', 'version_check': 'True', 'debug': 'False', 'log_path': 'logs', 'warn_error': 'None', 'fail_fast': 'False', 'use_colors': 'True', 'use_experimental_parser': 'False', 'empty': 'None', 'quiet': 'False', 'no_print': 'None', 'warn_error_options': 'WarnErrorOptions(include=[], exclude=[])', 'invocation_command': 'dbt init crypto-elt', 'log_format': 'default', 'introspect': 'True', 'target_path': 'None', 'static_parser': 'True', 'send_anonymous_usage_stats': 'True'}
[0m23:15:46.929607 [warn ] [MainThread]: [ConfigFolderDirectory]: Unable to parse logging event dictionary. Failed to parse dir field: expected string or bytes-like object.. Dictionary: {'dir': PosixPath('/Users/jared/.dbt')}
[0m23:15:46.930745 [info ] [MainThread]: Creating dbt configuration folder at 
[0m23:15:57.985805 [debug] [MainThread]: Starter project path: /Users/jared/Documents/projects/crypto-elt/venv/lib/python3.8/site-packages/dbt/include/starter_project
[0m23:15:58.033643 [info ] [MainThread]: 
Your new dbt project "crypto_elt" was created!

For more information on how to configure the profiles.yml file,
please consult the dbt documentation here:

  https://docs.getdbt.com/docs/configure-your-profile

One more thing:

Need help? Don't hesitate to reach out to us via GitHub issues or on Slack:

  https://community.getdbt.com/

Happy modeling!

[0m23:15:58.036330 [info ] [MainThread]: Setting up your profile.
[0m23:27:35.158068 [info ] [MainThread]: Profile crypto_elt written to /Users/jared/.dbt/profiles.yml using target's profile_template.yml and your supplied values. Run 'dbt debug' to validate the connection.
[0m23:27:35.177436 [debug] [MainThread]: Resource report: {"command_name": "init", "command_success": true, "command_wall_clock_time": 708.39453, "process_user_time": 2.658958, "process_kernel_time": 0.800389, "process_mem_max_rss": "133156864", "process_in_blocks": "0", "process_out_blocks": "0"}
[0m23:27:35.178997 [debug] [MainThread]: Command `dbt init` succeeded at 23:27:35.178637 after 708.40 seconds
[0m23:27:35.183401 [debug] [MainThread]: Sending event: {'category': 'dbt', 'action': 'invocation', 'label': 'end', 'context': [<snowplow_tracker.self_describing_json.SelfDescribingJson object at 0x7f7e52ffc1f0>, <snowplow_tracker.self_describing_json.SelfDescribingJson object at 0x7f7e54fa4340>, <snowplow_tracker.self_describing_json.SelfDescribingJson object at 0x7f7e54f42b20>]}
[0m23:27:35.186375 [debug] [MainThread]: Flushing usage events
[0m23:34:21.083838 [debug] [MainThread]: Sending event: {'category': 'dbt', 'action': 'invocation', 'label': 'start', 'context': [<snowplow_tracker.self_describing_json.SelfDescribingJson object at 0x7faf547fc370>, <snowplow_tracker.self_describing_json.SelfDescribingJson object at 0x7faf56627ca0>, <snowplow_tracker.self_describing_json.SelfDescribingJson object at 0x7faf567be880>]}


============================== 23:34:21.091000 | 89d4d9b7-5aff-46de-abbc-af4f6378a29b ==============================
[0m23:34:21.091000 [info ] [MainThread]: Running with dbt=1.8.7
[0m23:34:21.092073 [debug] [MainThread]: running dbt with arguments {'printer_width': '80', 'indirect_selection': 'eager', 'write_json': 'True', 'log_cache_events': 'False', 'partial_parse': 'True', 'cache_selected_only': 'False', 'profiles_dir': '/Users/jared/.dbt', 'debug': 'False', 'fail_fast': 'False', 'log_path': 'logs', 'warn_error': 'None', 'version_check': 'True', 'use_colors': 'True', 'use_experimental_parser': 'False', 'empty': 'None', 'quiet': 'False', 'no_print': 'None', 'warn_error_options': 'WarnErrorOptions(include=[], exclude=[])', 'introspect': 'True', 'invocation_command': 'dbt debug', 'log_format': 'default', 'target_path': 'None', 'static_parser': 'True', 'send_anonymous_usage_stats': 'True'}
[0m23:34:21.122107 [info ] [MainThread]: dbt version: 1.8.7
[0m23:34:21.123081 [info ] [MainThread]: python version: 3.8.0
[0m23:34:21.123670 [info ] [MainThread]: python path: /Users/jared/Documents/projects/crypto-elt/venv/bin/python3
[0m23:34:21.124206 [info ] [MainThread]: os info: macOS-10.16-x86_64-i386-64bit
[0m23:34:22.680190 [info ] [MainThread]: Using profiles dir at /Users/jared/.dbt
[0m23:34:22.680822 [info ] [MainThread]: Using profiles.yml file at /Users/jared/.dbt/profiles.yml
[0m23:34:22.681641 [info ] [MainThread]: Using dbt_project.yml file at /Users/jared/Documents/projects/crypto-elt/dbt_project.yml
[0m23:34:22.683025 [info ] [MainThread]: adapter type: snowflake
[0m23:34:22.683654 [info ] [MainThread]: adapter version: 1.8.4
[0m23:34:22.684137 [info ] [MainThread]: Configuration:
[0m23:34:22.684556 [info ] [MainThread]:   profiles.yml file [[32mOK found and valid[0m]
[0m23:34:22.685025 [info ] [MainThread]:   dbt_project.yml file [[31mERROR not found[0m]
[0m23:34:22.685450 [info ] [MainThread]: Required dependencies:
[0m23:34:22.685970 [debug] [MainThread]: Executing "git --help"
[0m23:34:22.734470 [debug] [MainThread]: STDOUT: "b"usage: git [-v | --version] [-h | --help] [-C <path>] [-c <name>=<value>]\n           [--exec-path[=<path>]] [--html-path] [--man-path] [--info-path]\n           [-p | --paginate | -P | --no-pager] [--no-replace-objects] [--bare]\n           [--git-dir=<path>] [--work-tree=<path>] [--namespace=<name>]\n           [--super-prefix=<path>] [--config-env=<name>=<envvar>]\n           <command> [<args>]\n\nThese are common Git commands used in various situations:\n\nstart a working area (see also: git help tutorial)\n   clone     Clone a repository into a new directory\n   init      Create an empty Git repository or reinitialize an existing one\n\nwork on the current change (see also: git help everyday)\n   add       Add file contents to the index\n   mv        Move or rename a file, a directory, or a symlink\n   restore   Restore working tree files\n   rm        Remove files from the working tree and from the index\n\nexamine the history and state (see also: git help revisions)\n   bisect    Use binary search to find the commit that introduced a bug\n   diff      Show changes between commits, commit and working tree, etc\n   grep      Print lines matching a pattern\n   log       Show commit logs\n   show      Show various types of objects\n   status    Show the working tree status\n\ngrow, mark and tweak your common history\n   branch    List, create, or delete branches\n   commit    Record changes to the repository\n   merge     Join two or more development histories together\n   rebase    Reapply commits on top of another base tip\n   reset     Reset current HEAD to the specified state\n   switch    Switch branches\n   tag       Create, list, delete or verify a tag object signed with GPG\n\ncollaborate (see also: git help workflows)\n   fetch     Download objects and refs from another repository\n   pull      Fetch from and integrate with another repository or a local branch\n   push      Update remote refs along with associated objects\n\n'git help -a' and 'git help -g' list available subcommands and some\nconcept guides. See 'git help <command>' or 'git help <concept>'\nto read about a specific subcommand or concept.\nSee 'git help git' for an overview of the system.\n""
[0m23:34:22.735861 [debug] [MainThread]: STDERR: "b''"
[0m23:34:22.736457 [info ] [MainThread]:  - git [[32mOK found[0m]

[0m23:34:22.737026 [info ] [MainThread]: Connection:
[0m23:34:22.737614 [info ] [MainThread]:   account: wb80014.us-east-2.aws
[0m23:34:22.738081 [info ] [MainThread]:   user: jmzg
[0m23:34:22.739090 [info ] [MainThread]:   database: crypto_db
[0m23:34:22.739995 [info ] [MainThread]:   warehouse: crypto_elt_wh
[0m23:34:22.741662 [info ] [MainThread]:   role: elt_role
[0m23:34:22.742516 [info ] [MainThread]:   schema: crypto_curated
[0m23:34:22.743282 [info ] [MainThread]:   authenticator: None
[0m23:34:22.744492 [info ] [MainThread]:   oauth_client_id: None
[0m23:34:22.745876 [info ] [MainThread]:   query_tag: None
[0m23:34:22.746725 [info ] [MainThread]:   client_session_keep_alive: False
[0m23:34:22.747273 [info ] [MainThread]:   host: None
[0m23:34:22.747783 [info ] [MainThread]:   port: None
[0m23:34:22.748293 [info ] [MainThread]:   proxy_host: None
[0m23:34:22.748804 [info ] [MainThread]:   proxy_port: None
[0m23:34:22.749316 [info ] [MainThread]:   protocol: None
[0m23:34:22.749774 [info ] [MainThread]:   connect_retries: 1
[0m23:34:22.750229 [info ] [MainThread]:   connect_timeout: None
[0m23:34:22.750712 [info ] [MainThread]:   retry_on_database_errors: False
[0m23:34:22.751385 [info ] [MainThread]:   retry_all: False
[0m23:34:22.751889 [info ] [MainThread]:   insecure_mode: False
[0m23:34:22.752374 [info ] [MainThread]:   reuse_connections: None
[0m23:34:22.753471 [info ] [MainThread]: Registered adapter: snowflake=1.8.4
[0m23:34:22.765270 [debug] [MainThread]: Acquiring new snowflake connection 'debug'
[0m23:34:22.767186 [debug] [MainThread]: Using snowflake connection "debug"
[0m23:34:22.767665 [debug] [MainThread]: On debug: select 1 as id
[0m23:34:22.768092 [debug] [MainThread]: Opening a new connection, currently in state init
[0m23:34:24.851803 [debug] [MainThread]: SQL status: SUCCESS 1 in 2.082 seconds
[0m23:34:24.855037 [debug] [MainThread]: On debug: Close
[0m23:34:24.974745 [info ] [MainThread]:   Connection test: [[32mOK connection ok[0m]

[0m23:34:24.975610 [info ] [MainThread]: [31m1 check failed:[0m
[0m23:34:24.977062 [info ] [MainThread]: Project loading failed for the following reason:
 project path </Users/jared/Documents/projects/crypto-elt/dbt_project.yml> not found

[0m23:34:24.982327 [debug] [MainThread]: Resource report: {"command_name": "debug", "command_wall_clock_time": 3.9848614, "process_user_time": 3.235292, "process_kernel_time": 0.888397, "process_mem_max_rss": "145301504", "command_success": false, "process_in_blocks": "0", "process_out_blocks": "0"}
[0m23:34:24.983443 [debug] [MainThread]: Command `dbt debug` failed at 23:34:24.983077 after 3.99 seconds
[0m23:34:24.984758 [debug] [MainThread]: Connection 'debug' was properly closed.
[0m23:34:24.986298 [debug] [MainThread]: Sending event: {'category': 'dbt', 'action': 'invocation', 'label': 'end', 'context': [<snowplow_tracker.self_describing_json.SelfDescribingJson object at 0x7faf547fc370>, <snowplow_tracker.self_describing_json.SelfDescribingJson object at 0x7faf592e31c0>, <snowplow_tracker.self_describing_json.SelfDescribingJson object at 0x7faf592c43a0>]}
[0m23:34:24.988066 [debug] [MainThread]: Flushing usage events
[0m23:35:00.242497 [debug] [MainThread]: Sending event: {'category': 'dbt', 'action': 'invocation', 'label': 'start', 'context': [<snowplow_tracker.self_describing_json.SelfDescribingJson object at 0x7fb03f6fc160>, <snowplow_tracker.self_describing_json.SelfDescribingJson object at 0x7fb0418b2e20>, <snowplow_tracker.self_describing_json.SelfDescribingJson object at 0x7fb0418e2ac0>]}


============================== 23:35:00.247898 | 71775116-ea0c-48eb-b599-248f5fd8dbef ==============================
[0m23:35:00.247898 [info ] [MainThread]: Running with dbt=1.8.7
[0m23:35:00.248805 [debug] [MainThread]: running dbt with arguments {'printer_width': '80', 'indirect_selection': 'eager', 'write_json': 'True', 'log_cache_events': 'False', 'partial_parse': 'True', 'cache_selected_only': 'False', 'profiles_dir': '/Users/jared/.dbt', 'debug': 'False', 'fail_fast': 'False', 'log_path': 'logs', 'warn_error': 'None', 'version_check': 'True', 'use_colors': 'True', 'use_experimental_parser': 'False', 'empty': 'None', 'quiet': 'False', 'no_print': 'None', 'warn_error_options': 'WarnErrorOptions(include=[], exclude=[])', 'static_parser': 'True', 'introspect': 'True', 'invocation_command': 'dbt debug --target dev', 'target_path': 'None', 'log_format': 'default', 'send_anonymous_usage_stats': 'True'}
[0m23:35:00.269862 [info ] [MainThread]: dbt version: 1.8.7
[0m23:35:00.270912 [info ] [MainThread]: python version: 3.8.0
[0m23:35:00.272560 [info ] [MainThread]: python path: /Users/jared/Documents/projects/crypto-elt/venv/bin/python3
[0m23:35:00.274966 [info ] [MainThread]: os info: macOS-10.16-x86_64-i386-64bit
[0m23:35:00.909405 [info ] [MainThread]: Using profiles dir at /Users/jared/.dbt
[0m23:35:00.910093 [info ] [MainThread]: Using profiles.yml file at /Users/jared/.dbt/profiles.yml
[0m23:35:00.910623 [info ] [MainThread]: Using dbt_project.yml file at /Users/jared/Documents/projects/crypto-elt/dbt_project.yml
[0m23:35:00.911469 [info ] [MainThread]: adapter type: snowflake
[0m23:35:00.912050 [info ] [MainThread]: adapter version: 1.8.4
[0m23:35:00.912551 [info ] [MainThread]: Configuration:
[0m23:35:00.912979 [info ] [MainThread]:   profiles.yml file [[32mOK found and valid[0m]
[0m23:35:00.913367 [info ] [MainThread]:   dbt_project.yml file [[31mERROR not found[0m]
[0m23:35:00.913762 [info ] [MainThread]: Required dependencies:
[0m23:35:00.914264 [debug] [MainThread]: Executing "git --help"
[0m23:35:00.943658 [debug] [MainThread]: STDOUT: "b"usage: git [-v | --version] [-h | --help] [-C <path>] [-c <name>=<value>]\n           [--exec-path[=<path>]] [--html-path] [--man-path] [--info-path]\n           [-p | --paginate | -P | --no-pager] [--no-replace-objects] [--bare]\n           [--git-dir=<path>] [--work-tree=<path>] [--namespace=<name>]\n           [--super-prefix=<path>] [--config-env=<name>=<envvar>]\n           <command> [<args>]\n\nThese are common Git commands used in various situations:\n\nstart a working area (see also: git help tutorial)\n   clone     Clone a repository into a new directory\n   init      Create an empty Git repository or reinitialize an existing one\n\nwork on the current change (see also: git help everyday)\n   add       Add file contents to the index\n   mv        Move or rename a file, a directory, or a symlink\n   restore   Restore working tree files\n   rm        Remove files from the working tree and from the index\n\nexamine the history and state (see also: git help revisions)\n   bisect    Use binary search to find the commit that introduced a bug\n   diff      Show changes between commits, commit and working tree, etc\n   grep      Print lines matching a pattern\n   log       Show commit logs\n   show      Show various types of objects\n   status    Show the working tree status\n\ngrow, mark and tweak your common history\n   branch    List, create, or delete branches\n   commit    Record changes to the repository\n   merge     Join two or more development histories together\n   rebase    Reapply commits on top of another base tip\n   reset     Reset current HEAD to the specified state\n   switch    Switch branches\n   tag       Create, list, delete or verify a tag object signed with GPG\n\ncollaborate (see also: git help workflows)\n   fetch     Download objects and refs from another repository\n   pull      Fetch from and integrate with another repository or a local branch\n   push      Update remote refs along with associated objects\n\n'git help -a' and 'git help -g' list available subcommands and some\nconcept guides. See 'git help <command>' or 'git help <concept>'\nto read about a specific subcommand or concept.\nSee 'git help git' for an overview of the system.\n""
[0m23:35:00.944918 [debug] [MainThread]: STDERR: "b''"
[0m23:35:00.945404 [info ] [MainThread]:  - git [[32mOK found[0m]

[0m23:35:00.945993 [info ] [MainThread]: Connection:
[0m23:35:00.946659 [info ] [MainThread]:   account: wb80014.us-east-2.aws
[0m23:35:00.947393 [info ] [MainThread]:   user: jmzg
[0m23:35:00.947892 [info ] [MainThread]:   database: crypto_db
[0m23:35:00.948428 [info ] [MainThread]:   warehouse: crypto_elt_wh
[0m23:35:00.948910 [info ] [MainThread]:   role: elt_role
[0m23:35:00.949385 [info ] [MainThread]:   schema: crypto_curated
[0m23:35:00.949872 [info ] [MainThread]:   authenticator: None
[0m23:35:00.950342 [info ] [MainThread]:   oauth_client_id: None
[0m23:35:00.950821 [info ] [MainThread]:   query_tag: None
[0m23:35:00.951303 [info ] [MainThread]:   client_session_keep_alive: False
[0m23:35:00.951778 [info ] [MainThread]:   host: None
[0m23:35:00.952253 [info ] [MainThread]:   port: None
[0m23:35:00.952737 [info ] [MainThread]:   proxy_host: None
[0m23:35:00.953235 [info ] [MainThread]:   proxy_port: None
[0m23:35:00.953710 [info ] [MainThread]:   protocol: None
[0m23:35:00.954572 [info ] [MainThread]:   connect_retries: 1
[0m23:35:00.956003 [info ] [MainThread]:   connect_timeout: None
[0m23:35:00.956499 [info ] [MainThread]:   retry_on_database_errors: False
[0m23:35:00.956907 [info ] [MainThread]:   retry_all: False
[0m23:35:00.957552 [info ] [MainThread]:   insecure_mode: False
[0m23:35:00.958301 [info ] [MainThread]:   reuse_connections: None
[0m23:35:00.960237 [info ] [MainThread]: Registered adapter: snowflake=1.8.4
[0m23:35:00.967681 [debug] [MainThread]: Acquiring new snowflake connection 'debug'
[0m23:35:00.970418 [debug] [MainThread]: Using snowflake connection "debug"
[0m23:35:00.970916 [debug] [MainThread]: On debug: select 1 as id
[0m23:35:00.971387 [debug] [MainThread]: Opening a new connection, currently in state init
[0m23:35:01.864524 [debug] [MainThread]: SQL status: SUCCESS 1 in 0.893 seconds
[0m23:35:01.866679 [debug] [MainThread]: On debug: Close
[0m23:35:02.008733 [info ] [MainThread]:   Connection test: [[32mOK connection ok[0m]

[0m23:35:02.009545 [info ] [MainThread]: [31m1 check failed:[0m
[0m23:35:02.010262 [info ] [MainThread]: Project loading failed for the following reason:
 project path </Users/jared/Documents/projects/crypto-elt/dbt_project.yml> not found

[0m23:35:02.014999 [debug] [MainThread]: Resource report: {"command_name": "debug", "command_wall_clock_time": 1.849971, "process_user_time": 2.451777, "process_kernel_time": 0.492401, "process_mem_max_rss": "141983744", "command_success": false, "process_in_blocks": "0", "process_out_blocks": "0"}
[0m23:35:02.015977 [debug] [MainThread]: Command `dbt debug` failed at 23:35:02.015768 after 1.85 seconds
[0m23:35:02.016664 [debug] [MainThread]: Connection 'debug' was properly closed.
[0m23:35:02.017597 [debug] [MainThread]: Sending event: {'category': 'dbt', 'action': 'invocation', 'label': 'end', 'context': [<snowplow_tracker.self_describing_json.SelfDescribingJson object at 0x7fb03f6fc160>, <snowplow_tracker.self_describing_json.SelfDescribingJson object at 0x7fb0442e5460>, <snowplow_tracker.self_describing_json.SelfDescribingJson object at 0x7fb0442e5490>]}
[0m23:35:02.018366 [debug] [MainThread]: Flushing usage events
